<?xml version="1.0"?>
<testsuite name="Chrome 80.0.3987 (Mac OS X 10.15.2)" package="" timestamp="2020-02-19T09:34:49" id="0" hostname="C02VK1QBHTDF" tests="2" errors="0" failures="0" time="4.793">
  <properties>
    <property name="browser.fullName" value="Mozilla/5.0 (Macintosh; Intel Mac OS X 10_15_2) AppleWebKit/537.36 (KHTML, like Gecko) Chrome/80.0.3987.116 Safari/537.36"/>
  </properties>
  <testcase name="/base/webapp/test/integration/opaTests.qunit.html Buy Product Journey Should see the category list" time="4.251" classname="Chrome_80_0_3987_(Mac_OS_X_10_15_2)./base/webapp/test/integration/opaTests.qunit.html"/>
  <testcase name="/base/webapp/test/integration/opaTests.qunit.html Buy Product Journey Should see the product list" time="0.542" classname="Chrome_80_0_3987_(Mac_OS_X_10_15_2)./base/webapp/test/integration/opaTests.qunit.html"/>
  <system-out>
    <![CDATA[Chrome 80.0.3987 (Mac OS X 10.15.2) ERROR: '2020-02-19 11:34:51.546735 failed to load JavaScript resource: sap/ui/demo/cart/Component-preload.js -  sap.ui.ModuleSystem'
,Chrome 80.0.3987 (Mac OS X 10.15.2) ERROR: '2020-02-19 11:34:54.148580 A Matcher was defined, but it is no function and has no 'isMatching' function: ManagedObject sap.ui.test.actions.Press#__press1 -  '

]]>
  </system-out>
  <system-err/>
</testsuite>